<?xml version="1.0" encoding="UTF-8"?>
<testsuite xmlns:xsi="http://www.w3.org/2001/XMLSchema-instance" xsi:noNamespaceSchemaLocation="https://maven.apache.org/surefire/maven-surefire-plugin/xsd/surefire-test-report.xsd" name="Test.TestMyrunner" time="24.171" tests="3" errors="0" skipped="0" failures="0">
  <properties>
[...]
</properties>
  <testcase name="login with valid credential #1" classname="logIn functionality" time="8.955"/>
  <testcase name="login with valid credential #2" classname="logIn functionality" time="6.693"/>
  <testcase name="search with valid product" classname="search functionality" time="7.136"/>
</testsuite>